[debug] [2022-09-25T10:03:27.265Z] ----------------------------------------------------------------------
[debug] [2022-09-25T10:03:27.277Z] Command:       C:\Program Files\nodejs\node.exe C:\Users\Ghost\AppData\Roaming\npm\node_modules\firebase-tools\lib\bin\firebase.js deploy --only hosting:dhl
[debug] [2022-09-25T10:03:27.278Z] CLI Version:   9.18.0
[debug] [2022-09-25T10:03:27.278Z] Platform:      win32
[debug] [2022-09-25T10:03:27.278Z] Node Version:  v16.13.2
[debug] [2022-09-25T10:03:27.280Z] Time:          Sun Sep 25 2022 11:03:27 GMT+0100 (West Africa Standard Time)
[debug] [2022-09-25T10:03:27.281Z] ----------------------------------------------------------------------
[debug] 
[debug] [2022-09-25T10:03:27.447Z] > command requires scopes: ["email","openid","https://www.googleapis.com/auth/cloudplatformprojects.readonly","https://www.googleapis.com/auth/firebase","https://www.googleapis.com/auth/cloud-platform"]
[debug] [2022-09-25T10:03:27.448Z] > authorizing via signed-in user (pjindawa@gmail.com)
[debug] [2022-09-25T10:03:27.449Z] [iam] checking project scrapedsite for permissions ["firebase.projects.get","firebasehosting.sites.update"]
[debug] [2022-09-25T10:03:27.454Z] > refreshing access token with scopes: ["email","https://www.googleapis.com/auth/cloud-platform","https://www.googleapis.com/auth/cloudplatformprojects.readonly","https://www.googleapis.com/auth/firebase","openid"]
[debug] [2022-09-25T10:03:27.455Z] >>> HTTP REQUEST POST https://www.googleapis.com/oauth2/v3/token  
 <request body omitted>
[debug] [2022-09-25T10:03:28.694Z] <<< HTTP RESPONSE 200 {"cache-control":"no-cache, no-store, max-age=0, must-revalidate","pragma":"no-cache","expires":"Mon, 01 Jan 1990 00:00:00 GMT","date":"Sun, 25 Sep 2022 10:03:31 GMT","content-type":"application/json; charset=utf-8","vary":"X-Origin, Referer, Origin,Accept-Encoding","server":"scaffolding on HTTPServer2","x-xss-protection":"0","x-frame-options":"SAMEORIGIN","x-content-type-options":"nosniff","alt-svc":"h3=\":443\"; ma=2592000,h3-29=\":443\"; ma=2592000,h3-Q050=\":443\"; ma=2592000,h3-Q046=\":443\"; ma=2592000,h3-Q043=\":443\"; ma=2592000,quic=\":443\"; ma=2592000; v=\"46,43\"","accept-ranges":"none","transfer-encoding":"chunked"}
[debug] [2022-09-25T10:03:28.795Z] >>> HTTP REQUEST POST https://cloudresourcemanager.googleapis.com/v1/projects/scrapedsite:testIamPermissions  
 {"permissions":["firebase.projects.get","firebasehosting.sites.update"]}
[debug] [2022-09-25T10:03:29.821Z] <<< HTTP RESPONSE 200 {"content-type":"application/json; charset=UTF-8","vary":"X-Origin, Referer, Origin,Accept-Encoding","date":"Sun, 25 Sep 2022 10:03:32 GMT","server":"ESF","cache-control":"private","x-xss-protection":"0","x-frame-options":"SAMEORIGIN","x-content-type-options":"nosniff","server-timing":"gfet4t7; dur=76","alt-svc":"h3=\":443\"; ma=2592000,h3-29=\":443\"; ma=2592000,h3-Q050=\":443\"; ma=2592000,h3-Q046=\":443\"; ma=2592000,h3-Q043=\":443\"; ma=2592000,quic=\":443\"; ma=2592000; v=\"46,43\"","accept-ranges":"none","transfer-encoding":"chunked"}
[debug] [2022-09-25T10:03:29.824Z] > refreshing access token with scopes: []
[debug] [2022-09-25T10:03:29.825Z] >>> HTTP REQUEST POST https://www.googleapis.com/oauth2/v3/token  
 <request body omitted>
[debug] [2022-09-25T10:03:30.721Z] <<< HTTP RESPONSE 200 {"expires":"Mon, 01 Jan 1990 00:00:00 GMT","cache-control":"no-cache, no-store, max-age=0, must-revalidate","pragma":"no-cache","date":"Sun, 25 Sep 2022 10:03:33 GMT","content-type":"application/json; charset=utf-8","vary":"X-Origin, Referer, Origin,Accept-Encoding","server":"scaffolding on HTTPServer2","x-xss-protection":"0","x-frame-options":"SAMEORIGIN","x-content-type-options":"nosniff","alt-svc":"h3=\":443\"; ma=2592000,h3-29=\":443\"; ma=2592000,h3-Q050=\":443\"; ma=2592000,h3-Q046=\":443\"; ma=2592000,h3-Q043=\":443\"; ma=2592000,quic=\":443\"; ma=2592000; v=\"46,43\"","accept-ranges":"none","transfer-encoding":"chunked"}
[debug] [2022-09-25T10:03:30.854Z] >>> [apiv2][query] GET https://firebase.googleapis.com/v1beta1/projects/scrapedsite [none]
[debug] [2022-09-25T10:03:32.935Z] <<< [apiv2][status] GET https://firebase.googleapis.com/v1beta1/projects/scrapedsite 200
[debug] [2022-09-25T10:03:32.935Z] <<< [apiv2][body] GET https://firebase.googleapis.com/v1beta1/projects/scrapedsite {"projectId":"scrapedsite","projectNumber":"317704250761","displayName":"scrapedsite","name":"projects/scrapedsite","resources":{"hostingSite":"scrapedsite","storageBucket":"scrapedsite.appspot.com","locationId":"us-central"},"state":"ACTIVE","etag":"1_e315d7aa-7128-4148-826a-56a2e1998547"}
[info] 
[info] === Deploying to 'scrapedsite'...
[info] 
[info] i  deploying hosting 
[debug] [2022-09-25T10:03:32.950Z] > refreshing access token with scopes: ["email","https://www.googleapis.com/auth/cloud-platform","https://www.googleapis.com/auth/cloudplatformprojects.readonly","https://www.googleapis.com/auth/firebase","openid"]
[debug] [2022-09-25T10:03:32.950Z] >>> HTTP REQUEST POST https://www.googleapis.com/oauth2/v3/token  
 <request body omitted>
[debug] [2022-09-25T10:03:34.172Z] <<< HTTP RESPONSE 200 {"cache-control":"no-cache, no-store, max-age=0, must-revalidate","date":"Sun, 25 Sep 2022 10:03:36 GMT","expires":"Mon, 01 Jan 1990 00:00:00 GMT","pragma":"no-cache","content-type":"application/json; charset=utf-8","vary":"X-Origin, Referer, Origin,Accept-Encoding","server":"scaffolding on HTTPServer2","x-xss-protection":"0","x-frame-options":"SAMEORIGIN","x-content-type-options":"nosniff","alt-svc":"h3=\":443\"; ma=2592000,h3-29=\":443\"; ma=2592000,h3-Q050=\":443\"; ma=2592000,h3-Q046=\":443\"; ma=2592000,h3-Q043=\":443\"; ma=2592000,quic=\":443\"; ma=2592000; v=\"46,43\"","accept-ranges":"none","transfer-encoding":"chunked"}
[debug] [2022-09-25T10:03:34.303Z] >>> HTTP REQUEST POST https://firebasehosting.googleapis.com/v1beta1/sites/expressdhl/versions  
 {"config":{"rewrites":[{"glob":"**","path":"/index.html"}]},"labels":{"deployment-tool":"cli-firebase"}}
[debug] [2022-09-25T10:03:36.115Z] <<< HTTP RESPONSE 200 {"content-type":"application/json; charset=UTF-8","vary":"X-Origin, Referer, Origin,Accept-Encoding","date":"Sun, 25 Sep 2022 10:03:38 GMT","server":"ESF","cache-control":"private","x-xss-protection":"0","x-frame-options":"SAMEORIGIN","x-content-type-options":"nosniff","alt-svc":"h3=\":443\"; ma=2592000,h3-29=\":443\"; ma=2592000,h3-Q050=\":443\"; ma=2592000,h3-Q046=\":443\"; ma=2592000,h3-Q043=\":443\"; ma=2592000,quic=\":443\"; ma=2592000; v=\"46,43\"","accept-ranges":"none","transfer-encoding":"chunked"}
[info] i  hosting[expressdhl]: beginning deploy... 
[info] i  hosting[expressdhl]: found 12 files in build 
[debug] [2022-09-25T10:03:36.323Z] > refreshing access token with scopes: []
[debug] [2022-09-25T10:03:36.323Z] >>> HTTP REQUEST POST https://www.googleapis.com/oauth2/v3/token  
 <request body omitted>
[debug] [2022-09-25T10:03:36.333Z] [hosting] hash cache [YnVpbGQ] stored for 12 files
[debug] [2022-09-25T10:03:36.334Z] [hosting][hash queue][FINAL] {"max":5,"min":1,"avg":1,"active":0,"complete":12,"success":12,"errored":0,"retried":0,"total":12,"elapsed":19}
[debug] [2022-09-25T10:03:37.256Z] <<< HTTP RESPONSE 200 {"pragma":"no-cache","date":"Sun, 25 Sep 2022 10:03:40 GMT","cache-control":"no-cache, no-store, max-age=0, must-revalidate","expires":"Mon, 01 Jan 1990 00:00:00 GMT","content-type":"application/json; charset=utf-8","vary":"X-Origin, Referer, Origin,Accept-Encoding","server":"scaffolding on HTTPServer2","x-xss-protection":"0","x-frame-options":"SAMEORIGIN","x-content-type-options":"nosniff","alt-svc":"h3=\":443\"; ma=2592000,h3-29=\":443\"; ma=2592000,h3-Q050=\":443\"; ma=2592000,h3-Q046=\":443\"; ma=2592000,h3-Q043=\":443\"; ma=2592000,quic=\":443\"; ma=2592000; v=\"46,43\"","accept-ranges":"none","transfer-encoding":"chunked"}
[debug] [2022-09-25T10:03:37.509Z] >>> [apiv2][query] POST https://firebasehosting.googleapis.com/v1beta1/sites/expressdhl/versions/4196b620a26659a1:populateFiles [none]
[debug] [2022-09-25T10:03:37.510Z] >>> [apiv2][body] POST https://firebasehosting.googleapis.com/v1beta1/sites/expressdhl/versions/4196b620a26659a1:populateFiles {"files":{"/asset-manifest.json":"80d92b02a8e9e01aaa426628a014a1ad9139a72a28c7d0abe549d436e55c6e23","/index.html":"9d0752adab98038dde3f9b36e05b4e9eecf2d6d4668920d3c44fa6f875ab2fb6","/logo192.png":"3ee59515172ee198f3be375979df15ac5345183e656720a381b8872b2a39dc8b","/logo512.png":"ee7e2f3fdb8209c4b6fd7bef6ba50d1b9dba30a25bb5c3126df057e1cb6f5331","/manifest.json":"59d62e8fe43383b1ed3ddebfc7f91c67dc0b6b9751b864a1fb77b159262e2a1e","/robots.txt":"bfe106a3fb878dc83461c86818bf74fc1bdc7f28538ba613cd3e775516ce8b49","/style.css":"46b50c321b39e89a491b6727a01628c34245605a30beb3e7414c5e01cff90e6e","/static/js/787.ddb383df.chunk.js":"4b69914d44be978eede7aa3cfd903c4eea4a0400358e6aad761fbffbbe50067e","/static/js/787.ddb383df.chunk.js.map":"a5d8a862eb999ad14866b7a70878914f2a0d4218ae012f4e9260ffb86019522f","/static/js/main.12c9614a.js":"fa3ae287e913fffb2de2f1cc069e9d3acc3e919b68501f63205a7b589dd4729d","/static/js/main.12c9614a.js.LICENSE.txt":"306f952f43ec6e9e7d6ceb5195092fbf4e125ef063e87a2b6ad5aa9ba7122aff","/static/js/main.12c9614a.js.map":"bf5f4853d10d8d57b54419be1b3cb217a1fce48176e070988e3455b917f6b8ec"}}
[debug] [2022-09-25T10:03:39.165Z] <<< [apiv2][status] POST https://firebasehosting.googleapis.com/v1beta1/sites/expressdhl/versions/4196b620a26659a1:populateFiles 200
[debug] [2022-09-25T10:03:39.165Z] <<< [apiv2][body] POST https://firebasehosting.googleapis.com/v1beta1/sites/expressdhl/versions/4196b620a26659a1:populateFiles {"uploadRequiredHashes":["ee7e2f3fdb8209c4b6fd7bef6ba50d1b9dba30a25bb5c3126df057e1cb6f5331","fa3ae287e913fffb2de2f1cc069e9d3acc3e919b68501f63205a7b589dd4729d","9d0752adab98038dde3f9b36e05b4e9eecf2d6d4668920d3c44fa6f875ab2fb6","bfe106a3fb878dc83461c86818bf74fc1bdc7f28538ba613cd3e775516ce8b49","4b69914d44be978eede7aa3cfd903c4eea4a0400358e6aad761fbffbbe50067e","bf5f4853d10d8d57b54419be1b3cb217a1fce48176e070988e3455b917f6b8ec","80d92b02a8e9e01aaa426628a014a1ad9139a72a28c7d0abe549d436e55c6e23","59d62e8fe43383b1ed3ddebfc7f91c67dc0b6b9751b864a1fb77b159262e2a1e","3ee59515172ee198f3be375979df15ac5345183e656720a381b8872b2a39dc8b","a5d8a862eb999ad14866b7a70878914f2a0d4218ae012f4e9260ffb86019522f","46b50c321b39e89a491b6727a01628c34245605a30beb3e7414c5e01cff90e6e","306f952f43ec6e9e7d6ceb5195092fbf4e125ef063e87a2b6ad5aa9ba7122aff"],"uploadUrl":"https://upload-firebasehosting.googleapis.com/upload/sites/expressdhl/versions/4196b620a26659a1/files"}
[debug] [2022-09-25T10:03:39.176Z] >>> [apiv2][query] POST https://upload-firebasehosting.googleapis.com/upload/sites/expressdhl/versions/4196b620a26659a1/files/ee7e2f3fdb8209c4b6fd7bef6ba50d1b9dba30a25bb5c3126df057e1cb6f5331 [none]
[debug] [2022-09-25T10:03:39.176Z] >>> [apiv2][body] POST https://upload-firebasehosting.googleapis.com/upload/sites/expressdhl/versions/4196b620a26659a1/files/ee7e2f3fdb8209c4b6fd7bef6ba50d1b9dba30a25bb5c3126df057e1cb6f5331 [stream]
[debug] [2022-09-25T10:03:39.179Z] >>> [apiv2][query] POST https://upload-firebasehosting.googleapis.com/upload/sites/expressdhl/versions/4196b620a26659a1/files/fa3ae287e913fffb2de2f1cc069e9d3acc3e919b68501f63205a7b589dd4729d [none]
[debug] [2022-09-25T10:03:39.179Z] >>> [apiv2][body] POST https://upload-firebasehosting.googleapis.com/upload/sites/expressdhl/versions/4196b620a26659a1/files/fa3ae287e913fffb2de2f1cc069e9d3acc3e919b68501f63205a7b589dd4729d [stream]
[debug] [2022-09-25T10:03:39.181Z] >>> [apiv2][query] POST https://upload-firebasehosting.googleapis.com/upload/sites/expressdhl/versions/4196b620a26659a1/files/9d0752adab98038dde3f9b36e05b4e9eecf2d6d4668920d3c44fa6f875ab2fb6 [none]
[debug] [2022-09-25T10:03:39.181Z] >>> [apiv2][body] POST https://upload-firebasehosting.googleapis.com/upload/sites/expressdhl/versions/4196b620a26659a1/files/9d0752adab98038dde3f9b36e05b4e9eecf2d6d4668920d3c44fa6f875ab2fb6 [stream]
[debug] [2022-09-25T10:03:39.183Z] >>> [apiv2][query] POST https://upload-firebasehosting.googleapis.com/upload/sites/expressdhl/versions/4196b620a26659a1/files/bfe106a3fb878dc83461c86818bf74fc1bdc7f28538ba613cd3e775516ce8b49 [none]
[debug] [2022-09-25T10:03:39.184Z] >>> [apiv2][body] POST https://upload-firebasehosting.googleapis.com/upload/sites/expressdhl/versions/4196b620a26659a1/files/bfe106a3fb878dc83461c86818bf74fc1bdc7f28538ba613cd3e775516ce8b49 [stream]
[debug] [2022-09-25T10:03:39.185Z] >>> [apiv2][query] POST https://upload-firebasehosting.googleapis.com/upload/sites/expressdhl/versions/4196b620a26659a1/files/4b69914d44be978eede7aa3cfd903c4eea4a0400358e6aad761fbffbbe50067e [none]
[debug] [2022-09-25T10:03:39.185Z] >>> [apiv2][body] POST https://upload-firebasehosting.googleapis.com/upload/sites/expressdhl/versions/4196b620a26659a1/files/4b69914d44be978eede7aa3cfd903c4eea4a0400358e6aad761fbffbbe50067e [stream]
[debug] [2022-09-25T10:03:39.187Z] >>> [apiv2][query] POST https://upload-firebasehosting.googleapis.com/upload/sites/expressdhl/versions/4196b620a26659a1/files/bf5f4853d10d8d57b54419be1b3cb217a1fce48176e070988e3455b917f6b8ec [none]
[debug] [2022-09-25T10:03:39.187Z] >>> [apiv2][body] POST https://upload-firebasehosting.googleapis.com/upload/sites/expressdhl/versions/4196b620a26659a1/files/bf5f4853d10d8d57b54419be1b3cb217a1fce48176e070988e3455b917f6b8ec [stream]
[debug] [2022-09-25T10:03:39.194Z] >>> [apiv2][query] POST https://upload-firebasehosting.googleapis.com/upload/sites/expressdhl/versions/4196b620a26659a1/files/80d92b02a8e9e01aaa426628a014a1ad9139a72a28c7d0abe549d436e55c6e23 [none]
[debug] [2022-09-25T10:03:39.194Z] >>> [apiv2][body] POST https://upload-firebasehosting.googleapis.com/upload/sites/expressdhl/versions/4196b620a26659a1/files/80d92b02a8e9e01aaa426628a014a1ad9139a72a28c7d0abe549d436e55c6e23 [stream]
[debug] [2022-09-25T10:03:39.197Z] >>> [apiv2][query] POST https://upload-firebasehosting.googleapis.com/upload/sites/expressdhl/versions/4196b620a26659a1/files/59d62e8fe43383b1ed3ddebfc7f91c67dc0b6b9751b864a1fb77b159262e2a1e [none]
[debug] [2022-09-25T10:03:39.197Z] >>> [apiv2][body] POST https://upload-firebasehosting.googleapis.com/upload/sites/expressdhl/versions/4196b620a26659a1/files/59d62e8fe43383b1ed3ddebfc7f91c67dc0b6b9751b864a1fb77b159262e2a1e [stream]
[debug] [2022-09-25T10:03:39.199Z] >>> [apiv2][query] POST https://upload-firebasehosting.googleapis.com/upload/sites/expressdhl/versions/4196b620a26659a1/files/3ee59515172ee198f3be375979df15ac5345183e656720a381b8872b2a39dc8b [none]
[debug] [2022-09-25T10:03:39.199Z] >>> [apiv2][body] POST https://upload-firebasehosting.googleapis.com/upload/sites/expressdhl/versions/4196b620a26659a1/files/3ee59515172ee198f3be375979df15ac5345183e656720a381b8872b2a39dc8b [stream]
[debug] [2022-09-25T10:03:39.201Z] >>> [apiv2][query] POST https://upload-firebasehosting.googleapis.com/upload/sites/expressdhl/versions/4196b620a26659a1/files/a5d8a862eb999ad14866b7a70878914f2a0d4218ae012f4e9260ffb86019522f [none]
[debug] [2022-09-25T10:03:39.201Z] >>> [apiv2][body] POST https://upload-firebasehosting.googleapis.com/upload/sites/expressdhl/versions/4196b620a26659a1/files/a5d8a862eb999ad14866b7a70878914f2a0d4218ae012f4e9260ffb86019522f [stream]
[debug] [2022-09-25T10:03:39.203Z] >>> [apiv2][query] POST https://upload-firebasehosting.googleapis.com/upload/sites/expressdhl/versions/4196b620a26659a1/files/46b50c321b39e89a491b6727a01628c34245605a30beb3e7414c5e01cff90e6e [none]
[debug] [2022-09-25T10:03:39.203Z] >>> [apiv2][body] POST https://upload-firebasehosting.googleapis.com/upload/sites/expressdhl/versions/4196b620a26659a1/files/46b50c321b39e89a491b6727a01628c34245605a30beb3e7414c5e01cff90e6e [stream]
[debug] [2022-09-25T10:03:39.205Z] >>> [apiv2][query] POST https://upload-firebasehosting.googleapis.com/upload/sites/expressdhl/versions/4196b620a26659a1/files/306f952f43ec6e9e7d6ceb5195092fbf4e125ef063e87a2b6ad5aa9ba7122aff [none]
[debug] [2022-09-25T10:03:39.205Z] >>> [apiv2][body] POST https://upload-firebasehosting.googleapis.com/upload/sites/expressdhl/versions/4196b620a26659a1/files/306f952f43ec6e9e7d6ceb5195092fbf4e125ef063e87a2b6ad5aa9ba7122aff [stream]
[debug] [2022-09-25T10:03:39.207Z] [hosting][populate queue][FINAL] {"max":2853,"min":2853,"avg":2853,"active":0,"complete":1,"success":1,"errored":0,"retried":0,"total":1,"elapsed":2885}
[debug] [2022-09-25T10:03:39.207Z] [hosting] uploads queued: 12
